2023-05-27T17:49:15.366Z info: SELECT * FROM users WHERE wallet='xxxxxxxxxxxxxxxx'
2023-05-27T17:49:15.385Z info: Received a GET request for /new_user/xxxxxxxxxxxxxxxx/wallet_123456789 => MESSAGE: call API success
2023-05-27T17:49:15.393Z info: SELECT * FROM users WHERE wallet='wallet_123456789'
2023-05-27T17:49:15.400Z info: Received a GET request for /new_user/xxxxxxxxxxxxxxxx/wallet_123456789 => MESSAGE: call API success
2023-05-27T17:49:15.415Z info: INSERT INTO introductions (user_id, rank, user_id_new) VALUES (1,'F1' ,2);
2023-05-27T17:49:33.790Z info: SELECT * FROM users WHERE wallet='xxxxxxxxxxxxxxxx'
2023-05-27T17:49:33.793Z info: Received a GET request for /new_user/xxxxxxxxxxxxxxxx/wallet_luan12345 => MESSAGE: call API success
2023-05-27T17:49:33.797Z error: SELECT * FROM users WHERE wallet='wallet_luan12345'
2023-05-27T17:49:33.799Z error: Received a GET request for /new_user/xxxxxxxxxxxxxxxx/wallet_luan12345 => MESSAGE : user invalue
2023-05-27T17:49:47.373Z info: SELECT * FROM users WHERE wallet='xxxxxxxxxxxxxxxx'
2023-05-27T17:49:47.375Z info: Received a GET request for /new_user/xxxxxxxxxxxxxxxx/wallet_luan1234 => MESSAGE: call API success
2023-05-27T17:49:47.381Z error: SELECT * FROM users WHERE wallet='wallet_luan1234'
2023-05-27T17:49:47.383Z error: Received a GET request for /new_user/xxxxxxxxxxxxxxxx/wallet_luan1234 => MESSAGE : user invalue
2023-05-27T17:50:12.553Z info: SELECT * FROM users WHERE wallet='xxxxxxxxxxxxxxxx'
2023-05-27T17:50:12.556Z info: Received a GET request for /new_user/xxxxxxxxxxxxxxxx/wallet_luan123 => MESSAGE: call API success
2023-05-27T17:50:12.560Z info: SELECT * FROM users WHERE wallet='wallet_luan123'
2023-05-27T17:50:12.563Z info: Received a GET request for /new_user/xxxxxxxxxxxxxxxx/wallet_luan123 => MESSAGE: call API success
2023-05-27T17:50:12.578Z info: INSERT INTO introductions (user_id, rank, user_id_new) VALUES (1,'F1' ,4);
2023-05-27T17:50:22.117Z info: SELECT * FROM users WHERE wallet='xxxxxxxxxxxxxxxx'
2023-05-27T17:50:22.120Z info: Received a GET request for /new_user/xxxxxxxxxxxxxxxx/wallet_luan123@ => MESSAGE: call API success
2023-05-27T17:50:22.124Z info: SELECT * FROM users WHERE wallet='wallet_luan123@'
2023-05-27T17:50:22.127Z info: Received a GET request for /new_user/xxxxxxxxxxxxxxxx/wallet_luan123@ => MESSAGE: call API success
2023-05-27T17:50:22.143Z info: INSERT INTO introductions (user_id, rank, user_id_new) VALUES (1,'F1' ,5);
2023-05-27T17:56:11.979Z info: SELECT * FROM users WHERE wallet='wallet_luan123@'
2023-05-27T17:56:11.999Z info: Received a GET request for /new_user/wallet_luan123@/wallet_luan => MESSAGE: call API success
2023-05-27T17:56:12.009Z info: SELECT * FROM users WHERE wallet='wallet_luan'
2023-05-27T17:56:12.014Z info: Received a GET request for /new_user/wallet_luan123@/wallet_luan => MESSAGE: call API success
2023-05-27T18:02:31.397Z info: SELECT * FROM users WHERE wallet='wallet_luan123@'
2023-05-27T18:02:31.417Z info: Received a GET request for /new_user/wallet_luan123@/wallet_luan => MESSAGE: call API success
2023-05-27T18:02:31.428Z info: SELECT * FROM users WHERE wallet='wallet_luan'
2023-05-27T18:02:31.432Z info: Received a GET request for /new_user/wallet_luan123@/wallet_luan => MESSAGE: call API success
2023-05-27T18:03:19.011Z info: SELECT * FROM users WHERE wallet='wallet_luan123@'
2023-05-27T18:03:19.031Z info: Received a GET request for /new_user/wallet_luan123@/wallet_luan => MESSAGE: call API success
2023-05-27T18:03:19.044Z info: SELECT * FROM users WHERE wallet='wallet_luan'
2023-05-27T18:03:19.048Z info: Received a GET request for /new_user/wallet_luan123@/wallet_luan => MESSAGE: call API success
2023-05-27T18:04:35.231Z info: SELECT * FROM users WHERE wallet='wallet_luan123@'
2023-05-27T18:04:35.252Z info: Received a GET request for /new_user/wallet_luan123@/wallet_luan => MESSAGE: call API success
2023-05-27T18:04:35.271Z info: SELECT * FROM users WHERE wallet='wallet_luan'
2023-05-27T18:04:35.278Z info: Received a GET request for /new_user/wallet_luan123@/wallet_luan => MESSAGE: call API success
2023-05-27T18:05:14.390Z info: SELECT * FROM users WHERE wallet='wallet_luan123@'
2023-05-27T18:05:14.409Z info: Received a GET request for /new_user/wallet_luan123@/wallet_luan => MESSAGE: call API success
2023-05-27T18:05:14.426Z info: SELECT * FROM users WHERE wallet='wallet_luan'
2023-05-27T18:05:14.437Z info: Received a GET request for /new_user/wallet_luan123@/wallet_luan => MESSAGE: call API success
2023-05-27T18:09:09.353Z info: SELECT * FROM users WHERE wallet='wallet_luan123@'
2023-05-27T18:09:09.372Z info: Received a GET request for /new_user/wallet_luan123@/wallet_luan => MESSAGE: call API success
2023-05-27T18:09:09.383Z info: SELECT * FROM users WHERE wallet='wallet_luan'
2023-05-27T18:09:09.391Z info: Received a GET request for /new_user/wallet_luan123@/wallet_luan => MESSAGE: call API success
2023-05-27T18:09:47.745Z info: SELECT * FROM users WHERE wallet='wallet_luan123@'
2023-05-27T18:09:47.763Z info: Received a GET request for /new_user/wallet_luan123@/wallet_luan => MESSAGE: call API success
2023-05-27T18:09:47.775Z info: SELECT * FROM users WHERE wallet='wallet_luan'
2023-05-27T18:09:47.781Z info: Received a GET request for /new_user/wallet_luan123@/wallet_luan => MESSAGE: call API success
2023-05-27T18:11:33.521Z info: SELECT * FROM users WHERE wallet='wallet_luan123@'
2023-05-27T18:11:33.540Z info: Received a GET request for /new_user/wallet_luan123@/wallet_luan => MESSAGE: call API success
2023-05-27T18:11:33.550Z info: SELECT * FROM users WHERE wallet='wallet_luan'
2023-05-27T18:11:33.561Z info: Received a GET request for /new_user/wallet_luan123@/wallet_luan => MESSAGE: call API success
2023-05-27T18:11:33.575Z info: INSERT INTO introductions (user_id, rank, user_id_new) VALUES (5,'F2' ,3);
2023-05-27T18:11:46.083Z info: SELECT * FROM users WHERE wallet='wallet_luan123@'
2023-05-27T18:11:46.108Z info: Received a GET request for /new_user/wallet_luan123@/wallet_luan => MESSAGE: call API success
2023-05-27T18:11:46.132Z info: SELECT * FROM users WHERE wallet='wallet_luan'
2023-05-27T18:11:46.136Z info: Received a GET request for /new_user/wallet_luan123@/wallet_luan => MESSAGE: call API success
2023-05-27T18:11:46.152Z info: INSERT INTO introductions (user_id, rank, user_id_new) VALUES (5,'F2' ,3);
2023-05-27T18:15:27.601Z info: SELECT * FROM users WHERE wallet='wallet_luan123@'
2023-05-27T18:15:27.619Z info: Received a GET request for /new_user/wallet_luan123@/wallet_luan => MESSAGE: call API success
2023-05-27T18:15:27.629Z info: SELECT * FROM users WHERE wallet='wallet_luan'
2023-05-27T18:15:27.634Z info: Received a GET request for /new_user/wallet_luan123@/wallet_luan => MESSAGE: call API success
2023-05-27T18:15:27.637Z error: Introductioned ==> SELECT * FROM introductions WHERE user_id=5 AND user_id_new=3
2023-05-27T18:15:53.673Z info: SELECT * FROM users WHERE wallet='wallet_luan123@'
2023-05-27T18:15:53.676Z info: Received a GET request for /new_user/wallet_luan123@/wallet_luan_123 => MESSAGE: call API success
2023-05-27T18:15:53.680Z error: SELECT * FROM users WHERE wallet='wallet_luan_123'
2023-05-27T18:15:53.683Z error: Received a GET request for /new_user/wallet_luan123@/wallet_luan_123 => MESSAGE : user invalue
2023-05-27T18:16:18.400Z info: SELECT * FROM users WHERE wallet='wallet_luan123@'
2023-05-27T18:16:18.403Z info: Received a GET request for /new_user/wallet_luan123@/wallet_luan123 => MESSAGE: call API success
2023-05-27T18:16:18.408Z info: SELECT * FROM users WHERE wallet='wallet_luan123'
2023-05-27T18:16:18.411Z info: Received a GET request for /new_user/wallet_luan123@/wallet_luan123 => MESSAGE: call API success
2023-05-27T18:16:18.428Z info: INSERT INTO introductions (user_id, rank, user_id_new) VALUES (5,'F2' ,4);
2023-05-27T18:16:55.126Z info: SELECT * FROM users WHERE wallet='wallet_luan123'
2023-05-27T18:16:55.128Z info: Received a GET request for /new_user/wallet_luan123/wallet_luan => MESSAGE: call API success
2023-05-27T18:16:55.133Z info: SELECT * FROM users WHERE wallet='wallet_luan'
2023-05-27T18:16:55.135Z info: Received a GET request for /new_user/wallet_luan123/wallet_luan => MESSAGE: call API success
2023-05-27T18:16:55.154Z info: INSERT INTO introductions (user_id, rank, user_id_new) VALUES (4,'F2' ,3);
2023-05-27T18:18:39.913Z info: SELECT * FROM users WHERE wallet='wallet_luan123'
2023-05-27T18:18:39.933Z info: Received a GET request for /new_user/wallet_luan123/wallet_luan => MESSAGE: call API success
2023-05-27T18:18:39.943Z info: SELECT * FROM users WHERE wallet='wallet_luan'
2023-05-27T18:18:39.948Z info: Received a GET request for /new_user/wallet_luan123/wallet_luan => MESSAGE: call API success
2023-05-27T18:20:15.669Z info: SELECT * FROM users WHERE wallet='wallet_luan123'
2023-05-27T18:20:15.688Z info: Received a GET request for /new_user/wallet_luan123/wallet_luan => MESSAGE: call API success
2023-05-27T18:20:15.697Z info: SELECT * FROM users WHERE wallet='wallet_luan'
2023-05-27T18:20:15.703Z info: Received a GET request for /new_user/wallet_luan123/wallet_luan => MESSAGE: call API success
2023-05-27T18:20:15.720Z info: INSERT INTO introductions (user_id, rank, user_id_new) VALUES (4,'F1' ,3);
2023-05-27T18:20:28.154Z info: SELECT * FROM users WHERE wallet='wallet_luan123'
2023-05-27T18:20:28.158Z info: Received a GET request for /new_user/wallet_luan123/wallet_luan => MESSAGE: call API success
2023-05-27T18:20:28.163Z info: SELECT * FROM users WHERE wallet='wallet_luan'
2023-05-27T18:20:28.166Z info: Received a GET request for /new_user/wallet_luan123/wallet_luan => MESSAGE: call API success
2023-05-27T18:20:28.181Z info: INSERT INTO introductions (user_id, rank, user_id_new) VALUES (4,'F1' ,3);
2023-05-27T18:21:08.839Z info: SELECT * FROM users WHERE wallet='wallet_luan'
2023-05-27T18:21:08.842Z info: Received a GET request for /new_user/wallet_luan/wallet_luan123@ => MESSAGE: call API success
2023-05-27T18:21:08.849Z info: SELECT * FROM users WHERE wallet='wallet_luan123@'
2023-05-27T18:21:08.852Z info: Received a GET request for /new_user/wallet_luan/wallet_luan123@ => MESSAGE: call API success
2023-05-27T18:21:08.867Z info: INSERT INTO introductions (user_id, rank, user_id_new) VALUES (4,'F2' ,5);
2023-05-27T18:22:14.049Z info: SELECT * FROM users WHERE wallet='wallet_luan123'
2023-05-27T18:22:14.052Z info: Received a GET request for /new_user/wallet_luan123/xxxxxxxxxxxxxxxx => MESSAGE: call API success
2023-05-27T18:22:14.056Z info: SELECT * FROM users WHERE wallet='xxxxxxxxxxxxxxxx'
2023-05-27T18:22:14.059Z info: Received a GET request for /new_user/wallet_luan123/xxxxxxxxxxxxxxxx => MESSAGE: call API success
2023-05-27T18:22:14.073Z info: INSERT INTO introductions (user_id, rank, user_id_new) VALUES (4,'F1' ,1);
2023-05-27T18:26:10.155Z info: SELECT * FROM users WHERE wallet='wallet_luan123'
2023-05-27T18:26:10.178Z info: Received a GET request for /new_user/wallet_luan123/xxxxxxxxxxxxxxxx => MESSAGE: call API success
2023-05-27T18:26:10.187Z info: SELECT * FROM users WHERE wallet='xxxxxxxxxxxxxxxx'
2023-05-27T18:26:10.191Z info: Received a GET request for /new_user/wallet_luan123/xxxxxxxxxxxxxxxx => MESSAGE: call API success
2023-05-27T18:26:10.209Z info: INSERT INTO introductions (user_id, rank, user_id_new) VALUES (4,'F1' ,1);
2023-05-27T18:26:20.974Z info: SELECT * FROM users WHERE wallet='wallet_luan123'
2023-05-27T18:26:20.981Z info: Received a GET request for /new_user/wallet_luan123/xxxxxxxxxxxxxxxx => MESSAGE: call API success
2023-05-27T18:26:20.991Z info: SELECT * FROM users WHERE wallet='xxxxxxxxxxxxxxxx'
2023-05-27T18:26:20.998Z info: Received a GET request for /new_user/wallet_luan123/xxxxxxxxxxxxxxxx => MESSAGE: call API success
2023-05-27T18:26:21.002Z info: INSERT INTO introductions (user_id, rank, user_id_new) VALUES (4,'F1' ,1);
2023-05-27T18:26:47.229Z info: SELECT * FROM users WHERE wallet='wallet_luan123'
2023-05-27T18:26:47.233Z info: Received a GET request for /new_user/wallet_luan123/wallet_luan => MESSAGE: call API success
2023-05-27T18:26:47.238Z info: SELECT * FROM users WHERE wallet='wallet_luan'
2023-05-27T18:26:47.242Z info: Received a GET request for /new_user/wallet_luan123/wallet_luan => MESSAGE: call API success
2023-05-27T18:26:47.249Z info: INSERT INTO introductions (user_id, rank, user_id_new) VALUES (4,'F1' ,3);
2023-05-27T18:27:37.574Z info: SELECT * FROM users WHERE wallet='wallet_luan123'
2023-05-27T18:27:37.577Z info: Received a GET request for /new_user/wallet_luan123/wallet_luan123456789 => MESSAGE: call API success
2023-05-27T18:27:37.581Z error: SELECT * FROM users WHERE wallet='wallet_luan123456789'
2023-05-27T18:27:37.584Z error: Received a GET request for /new_user/wallet_luan123/wallet_luan123456789 => MESSAGE : user invalue
2023-05-27T18:29:50.702Z info: SELECT * FROM users WHERE wallet='wallet_luan123'
2023-05-27T18:29:50.705Z info: Received a GET request for /new_user/wallet_luan123/wallet_123456789 => MESSAGE: call API success
2023-05-27T18:29:50.711Z info: SELECT * FROM users WHERE wallet='wallet_123456789'
2023-05-27T18:29:50.717Z info: Received a GET request for /new_user/wallet_luan123/wallet_123456789 => MESSAGE: call API success
2023-05-27T18:29:50.734Z info: INSERT INTO introductions (user_id, rank, user_id_new) VALUES (4,'F1' ,2);
2023-05-27T18:31:02.377Z info: SELECT * FROM users WHERE wallet='wallet_luan123'
2023-05-27T18:31:02.381Z info: Received a GET request for /new_user/wallet_luan123/wallet_123456789 => MESSAGE: call API success
2023-05-27T18:31:02.388Z info: SELECT * FROM users WHERE wallet='wallet_123456789'
2023-05-27T18:31:02.394Z info: Received a GET request for /new_user/wallet_luan123/wallet_123456789 => MESSAGE: call API success
2023-05-27T18:31:02.395Z error: Introductioned ==> SELECT * FROM introductions WHERE user_id=4 AND user_id_new=2
2023-05-27T18:31:55.490Z info: SELECT * FROM users WHERE wallet='wallet_123456789'
2023-05-27T18:31:55.494Z info: Received a GET request for /new_user/wallet_123456789/xxxxxxxxxxxxxxxx => MESSAGE: call API success
2023-05-27T18:31:55.499Z info: SELECT * FROM users WHERE wallet='xxxxxxxxxxxxxxxx'
2023-05-27T18:31:55.501Z info: Received a GET request for /new_user/wallet_123456789/xxxxxxxxxxxxxxxx => MESSAGE: call API success
2023-05-27T18:31:55.508Z info: INSERT INTO introductions (user_id, rank, user_id_new) VALUES (2,'F1' ,1);
2023-05-27T18:32:46.717Z info: SELECT * FROM users WHERE wallet='wallet_10'
2023-05-27T18:32:46.723Z info: INSERT INTO users (wallet) VALUES ('wallet_10')
2023-05-27T18:33:10.521Z info: SELECT * FROM users WHERE wallet='xxxxxxxxxxxxxxxx'
2023-05-27T18:33:10.524Z info: Received a GET request for /new_user/xxxxxxxxxxxxxxxx/wallet_10 => MESSAGE: call API success
2023-05-27T18:33:10.527Z info: SELECT * FROM users WHERE wallet='wallet_10'
2023-05-27T18:33:10.529Z info: Received a GET request for /new_user/xxxxxxxxxxxxxxxx/wallet_10 => MESSAGE: call API success
2023-05-27T18:33:10.546Z info: INSERT INTO introductions (user_id, rank, user_id_new) VALUES (1,'F1' ,6);
2023-05-27T18:34:09.823Z info: SELECT * FROM users WHERE wallet='wallet_1'
2023-05-27T18:34:09.837Z info: INSERT INTO users (wallet) VALUES ('wallet_1')
2023-05-27T18:34:14.730Z info: SELECT * FROM users WHERE wallet='wallet_2'
2023-05-27T18:34:14.735Z info: INSERT INTO users (wallet) VALUES ('wallet_2')
2023-05-27T18:34:19.357Z info: SELECT * FROM users WHERE wallet='wallet_3'
2023-05-27T18:34:19.364Z info: INSERT INTO users (wallet) VALUES ('wallet_3')
2023-05-27T18:34:24.663Z info: SELECT * FROM users WHERE wallet='wallet_4'
2023-05-27T18:34:24.676Z info: INSERT INTO users (wallet) VALUES ('wallet_4')
2023-05-27T18:34:42.297Z info: SELECT * FROM users WHERE wallet='wallet_1'
2023-05-27T18:34:42.301Z info: Received a GET request for /new_user/wallet_1/wallet_2 => MESSAGE: call API success
2023-05-27T18:34:42.309Z info: SELECT * FROM users WHERE wallet='wallet_2'
2023-05-27T18:34:42.311Z info: Received a GET request for /new_user/wallet_1/wallet_2 => MESSAGE: call API success
2023-05-27T18:34:42.325Z info: INSERT INTO introductions (user_id, rank, user_id_new) VALUES (7,'F1' ,8);
2023-05-27T18:34:54.533Z info: SELECT * FROM users WHERE wallet='wallet_2'
2023-05-27T18:34:54.537Z info: Received a GET request for /new_user/wallet_2/wallet_3 => MESSAGE: call API success
2023-05-27T18:34:54.542Z info: SELECT * FROM users WHERE wallet='wallet_3'
2023-05-27T18:34:54.544Z info: Received a GET request for /new_user/wallet_2/wallet_3 => MESSAGE: call API success
2023-05-27T18:34:54.561Z info: INSERT INTO introductions (user_id, rank, user_id_new) VALUES (8,'F1' ,9);
2023-05-27T18:35:03.035Z info: SELECT * FROM users WHERE wallet='wallet_3'
2023-05-27T18:35:03.037Z info: Received a GET request for /new_user/wallet_3/wallet_4 => MESSAGE: call API success
2023-05-27T18:35:03.041Z info: SELECT * FROM users WHERE wallet='wallet_4'
2023-05-27T18:35:03.042Z info: Received a GET request for /new_user/wallet_3/wallet_4 => MESSAGE: call API success
2023-05-27T18:35:03.051Z info: INSERT INTO introductions (user_id, rank, user_id_new) VALUES (9,'F1' ,10);
2023-05-27T18:38:43.850Z info: SELECT * FROM users WHERE wallet='wallet_5'
2023-05-27T18:38:43.852Z info: INSERT INTO users (wallet) VALUES ('wallet_5')
2023-05-27T18:38:54.150Z info: SELECT * FROM users WHERE wallet='wallet_4'
2023-05-27T18:38:54.152Z info: Received a GET request for /new_user/wallet_4/wallet_5 => MESSAGE: call API success
2023-05-27T18:38:54.157Z info: SELECT * FROM users WHERE wallet='wallet_5'
2023-05-27T18:38:54.162Z info: Received a GET request for /new_user/wallet_4/wallet_5 => MESSAGE: call API success
2023-05-27T18:38:54.178Z info: INSERT INTO introductions (user_id, rank, user_id_new) VALUES (10,'F1' ,11);
2023-05-27T18:44:06.906Z info: SELECT * FROM users WHERE wallet='wallet_1'
2023-05-27T18:44:06.911Z info: Received a GET request for /new_user/wallet_1/wallet_2 => MESSAGE: call API success
2023-05-27T18:44:06.917Z info: SELECT * FROM users WHERE wallet='wallet_2'
2023-05-27T18:44:06.921Z info: Received a GET request for /new_user/wallet_1/wallet_2 => MESSAGE: call API success
2023-05-27T18:44:06.938Z info: INSERT INTO introductions (user_id, rank, user_id_new) VALUES (7,'F1' ,8);
2023-05-27T18:44:35.424Z info: SELECT * FROM users WHERE wallet='wallet_2'
2023-05-27T18:44:35.429Z info: Received a GET request for /new_user/wallet_2/wallet_3 => MESSAGE: call API success
2023-05-27T18:44:35.439Z info: SELECT * FROM users WHERE wallet='wallet_3'
2023-05-27T18:44:35.443Z info: Received a GET request for /new_user/wallet_2/wallet_3 => MESSAGE: call API success
2023-05-27T18:44:35.463Z info: INSERT INTO introductions (user_id, rank, user_id_new) VALUES (8,'F1' ,9);
2023-05-27T18:45:54.750Z info: SELECT * FROM users WHERE wallet='wallet_3'
2023-05-27T18:45:54.754Z info: Received a GET request for /new_user/wallet_3/wallet_4 => MESSAGE: call API success
2023-05-27T18:45:54.760Z info: SELECT * FROM users WHERE wallet='wallet_4'
2023-05-27T18:45:54.764Z info: Received a GET request for /new_user/wallet_3/wallet_4 => MESSAGE: call API success
2023-05-27T18:45:54.783Z info: INSERT INTO introductions (user_id, rank, user_id_new) VALUES (9,'F1' ,10);
2023-05-28T13:08:55.417Z info: SELECT * FROM users WHERE wallet='wallet_1'
2023-05-28T13:08:55.435Z info: Received a GET request for /new_user/wallet_1/wallet_2 => MESSAGE: call API success
2023-05-28T13:08:55.443Z info: SELECT * FROM users WHERE wallet='wallet_2'
2023-05-28T13:08:55.447Z info: Received a GET request for /new_user/wallet_1/wallet_2 => MESSAGE: call API success
2023-05-28T13:08:55.452Z info: INSERT INTO introductions (user_id, rank, user_id_new) VALUES (7,'F1' ,8);
2023-05-28T13:09:15.299Z info: SELECT * FROM users WHERE wallet='wallet_2'
2023-05-28T13:09:15.303Z info: Received a GET request for /new_user/wallet_2/wallet_3 => MESSAGE: call API success
2023-05-28T13:09:15.308Z info: SELECT * FROM users WHERE wallet='wallet_3'
2023-05-28T13:09:15.311Z info: Received a GET request for /new_user/wallet_2/wallet_3 => MESSAGE: call API success
2023-05-28T13:10:00.257Z info: SELECT * FROM users WHERE wallet='wallet_2'
2023-05-28T13:10:00.274Z info: Received a GET request for /new_user/wallet_2/wallet_4 => MESSAGE: call API success
2023-05-28T13:10:00.283Z info: SELECT * FROM users WHERE wallet='wallet_4'
2023-05-28T13:10:00.287Z info: Received a GET request for /new_user/wallet_2/wallet_4 => MESSAGE: call API success
2023-05-28T13:10:36.545Z info: SELECT * FROM users WHERE wallet='wallet_4'
2023-05-28T13:10:36.550Z info: Received a GET request for /new_user/wallet_4/wallet_5 => MESSAGE: call API success
2023-05-28T13:10:36.557Z info: SELECT * FROM users WHERE wallet='wallet_5'
2023-05-28T13:10:36.560Z info: Received a GET request for /new_user/wallet_4/wallet_5 => MESSAGE: call API success
2023-05-28T13:44:26.148Z info: SELECT * FROM users WHERE wallet='wallet_4'
2023-05-28T13:44:26.171Z info: Received a GET request for /new_user/wallet_4/wallet_5 => MESSAGE: call API success
2023-05-28T13:44:26.188Z info: SELECT * FROM users WHERE wallet='wallet_5'
2023-05-28T13:44:26.194Z info: Received a GET request for /new_user/wallet_4/wallet_5 => MESSAGE: call API success
2023-05-28T13:44:33.702Z info: SELECT * FROM users WHERE wallet='wallet_6'
2023-05-28T13:44:33.715Z info: INSERT INTO users (wallet) VALUES ('wallet_6')
2023-05-28T13:44:40.786Z info: SELECT * FROM users WHERE wallet='wallet_4'
2023-05-28T13:44:40.791Z info: Received a GET request for /new_user/wallet_4/wallet_6 => MESSAGE: call API success
2023-05-28T13:44:40.798Z info: SELECT * FROM users WHERE wallet='wallet_6'
2023-05-28T13:44:40.801Z info: Received a GET request for /new_user/wallet_4/wallet_6 => MESSAGE: call API success
2023-05-28T13:48:32.412Z info: SELECT * FROM users WHERE wallet='wallet_1'
2023-05-28T13:48:32.422Z info: Received a GET request for /new_user/wallet_1/wallet_2 => MESSAGE: call API success
2023-05-28T13:48:32.426Z info: SELECT * FROM users WHERE wallet='wallet_2'
2023-05-28T13:48:32.428Z info: Received a GET request for /new_user/wallet_1/wallet_2 => MESSAGE: call API success
2023-05-28T13:48:32.444Z info: INSERT INTO introductions (user_id, rank, user_id_new) VALUES (7,'F1' ,8);
2023-05-28T13:48:52.425Z info: SELECT * FROM users WHERE wallet='wallet_2'
2023-05-28T13:48:52.427Z info: Received a GET request for /new_user/wallet_2/wallet_3 => MESSAGE: call API success
2023-05-28T13:48:52.431Z info: SELECT * FROM users WHERE wallet='wallet_3'
2023-05-28T13:48:52.434Z info: Received a GET request for /new_user/wallet_2/wallet_3 => MESSAGE: call API success
2023-05-28T13:51:57.879Z info: SELECT * FROM users WHERE wallet='wallet_2'
2023-05-28T13:51:57.898Z info: Received a GET request for /new_user/wallet_2/wallet_3 => MESSAGE: call API success
2023-05-28T13:51:57.909Z info: SELECT * FROM users WHERE wallet='wallet_3'
2023-05-28T13:51:57.913Z info: Received a GET request for /new_user/wallet_2/wallet_3 => MESSAGE: call API success
2023-05-28T13:58:36.796Z info: SELECT * FROM users WHERE wallet='wallet_1'
2023-05-28T13:58:36.817Z info: Received a GET request for /new_user/wallet_1/wallet_2 => MESSAGE: call API success
2023-05-28T13:58:36.826Z info: SELECT * FROM users WHERE wallet='wallet_2'
2023-05-28T13:58:36.831Z info: Received a GET request for /new_user/wallet_1/wallet_2 => MESSAGE: call API success
2023-05-28T13:58:36.851Z info: INSERT INTO introductions (user_id, rank, user_id_new) VALUES (7,'F1' ,8);
2023-05-28T13:58:46.890Z info: SELECT * FROM users WHERE wallet='wallet_1'
2023-05-28T13:58:46.895Z info: Received a GET request for /new_user/wallet_1/wallet_2 => MESSAGE: call API success
2023-05-28T13:58:46.903Z info: SELECT * FROM users WHERE wallet='wallet_2'
2023-05-28T13:58:46.909Z info: Received a GET request for /new_user/wallet_1/wallet_2 => MESSAGE: call API success
2023-05-28T13:58:46.926Z info: INSERT INTO introductions (user_id, rank, user_id_new) VALUES (7,'F1' ,8);
2023-05-28T14:02:34.877Z info: SELECT * FROM users WHERE wallet='wallet_2'
2023-05-28T14:02:34.901Z info: Received a GET request for /new_user/wallet_2/wallet_3 => MESSAGE: call API success
2023-05-28T14:02:34.911Z info: SELECT * FROM users WHERE wallet='wallet_3'
2023-05-28T14:02:34.917Z info: Received a GET request for /new_user/wallet_2/wallet_3 => MESSAGE: call API success
2023-05-28T14:04:59.687Z info: SELECT * FROM users WHERE wallet='wallet_1'
2023-05-28T14:04:59.711Z info: Received a GET request for /new_user/wallet_1/wallet_2 => MESSAGE: call API success
2023-05-28T14:04:59.717Z info: SELECT * FROM users WHERE wallet='wallet_2'
2023-05-28T14:04:59.721Z info: Received a GET request for /new_user/wallet_1/wallet_2 => MESSAGE: call API success
2023-05-28T14:04:59.732Z info: INSERT INTO introductions (user_id, rank, user_id_new) VALUES (7,'F1' ,8);
2023-05-28T14:05:10.634Z info: SELECT * FROM users WHERE wallet='wallet_1'
2023-05-28T14:05:10.639Z info: Received a GET request for /new_user/wallet_1/wallet_2 => MESSAGE: call API success
2023-05-28T14:05:10.646Z info: SELECT * FROM users WHERE wallet='wallet_2'
2023-05-28T14:05:10.649Z info: Received a GET request for /new_user/wallet_1/wallet_2 => MESSAGE: call API success
2023-05-28T14:05:10.665Z info: INSERT INTO introductions (user_id, rank, user_id_new) VALUES (7,'F1' ,8);
2023-05-28T14:05:22.256Z info: SELECT * FROM users WHERE wallet='wallet_2'
2023-05-28T14:05:22.260Z info: Received a GET request for /new_user/wallet_2/wallet_3 => MESSAGE: call API success
2023-05-28T14:05:22.266Z info: SELECT * FROM users WHERE wallet='wallet_3'
2023-05-28T14:05:22.270Z info: Received a GET request for /new_user/wallet_2/wallet_3 => MESSAGE: call API success
2023-05-28T14:05:38.820Z info: SELECT * FROM users WHERE wallet='wallet_2'
2023-05-28T14:05:38.838Z info: Received a GET request for /new_user/wallet_2/wallet_3 => MESSAGE: call API success
2023-05-28T14:05:38.847Z info: SELECT * FROM users WHERE wallet='wallet_3'
2023-05-28T14:05:38.853Z info: Received a GET request for /new_user/wallet_2/wallet_3 => MESSAGE: call API success
2023-05-28T14:06:04.629Z info: SELECT * FROM users WHERE wallet='wallet_1'
2023-05-28T14:06:04.633Z info: Received a GET request for /new_user/wallet_1/wallet_2 => MESSAGE: call API success
2023-05-28T14:06:04.637Z info: SELECT * FROM users WHERE wallet='wallet_2'
2023-05-28T14:06:04.641Z info: Received a GET request for /new_user/wallet_1/wallet_2 => MESSAGE: call API success
2023-05-28T14:06:04.656Z info: INSERT INTO introductions (user_id, rank, user_id_new) VALUES (7,'F1' ,8);
2023-05-28T14:06:18.900Z info: SELECT * FROM users WHERE wallet='wallet_2'
2023-05-28T14:06:18.903Z info: Received a GET request for /new_user/wallet_2/wallet_3 => MESSAGE: call API success
2023-05-28T14:06:18.910Z info: SELECT * FROM users WHERE wallet='wallet_3'
2023-05-28T14:06:18.913Z info: Received a GET request for /new_user/wallet_2/wallet_3 => MESSAGE: call API success
2023-05-28T14:07:17.498Z info: SELECT * FROM users WHERE wallet='wallet_3'
2023-05-28T14:07:17.506Z info: Received a GET request for /new_user/wallet_3/wallet_4 => MESSAGE: call API success
2023-05-28T14:07:17.516Z info: SELECT * FROM users WHERE wallet='wallet_4'
2023-05-28T14:07:17.522Z info: Received a GET request for /new_user/wallet_3/wallet_4 => MESSAGE: call API success
2023-05-28T14:08:14.995Z info: SELECT * FROM users WHERE wallet='wallet_1'
2023-05-28T14:08:15.014Z info: Received a GET request for /new_user/wallet_1/wallet_2 => MESSAGE: call API success
2023-05-28T14:08:15.026Z info: SELECT * FROM users WHERE wallet='wallet_2'
2023-05-28T14:08:15.031Z info: Received a GET request for /new_user/wallet_1/wallet_2 => MESSAGE: call API success
2023-05-28T14:08:15.048Z info: INSERT INTO introductions (user_id, rank, user_id_new) VALUES (7,'F1' ,8);
2023-05-28T14:08:38.945Z info: SELECT * FROM users WHERE wallet='wallet_2'
2023-05-28T14:08:38.948Z info: Received a GET request for /new_user/wallet_2/wallet_3 => MESSAGE: call API success
2023-05-28T14:08:38.952Z info: SELECT * FROM users WHERE wallet='wallet_3'
2023-05-28T14:08:38.958Z info: Received a GET request for /new_user/wallet_2/wallet_3 => MESSAGE: call API success
2023-05-28T14:08:51.509Z info: SELECT * FROM users WHERE wallet='wallet_3'
2023-05-28T14:08:51.515Z info: Received a GET request for /new_user/wallet_3/wallet_4 => MESSAGE: call API success
2023-05-28T14:08:51.522Z info: SELECT * FROM users WHERE wallet='wallet_4'
2023-05-28T14:08:51.524Z info: Received a GET request for /new_user/wallet_3/wallet_4 => MESSAGE: call API success
2023-05-28T14:15:33.688Z info: SELECT * FROM users WHERE wallet='wallet_1'
2023-05-28T14:15:33.716Z info: Received a GET request for /new_user/wallet_1/wallet_2 => MESSAGE: call API success
2023-05-28T14:15:33.724Z info: SELECT * FROM users WHERE wallet='wallet_2'
2023-05-28T14:15:33.730Z info: Received a GET request for /new_user/wallet_1/wallet_2 => MESSAGE: call API success
2023-05-28T14:15:33.746Z info: INSERT INTO introductions (user_id, rank, user_id_new) VALUES (7,'F1' ,8);
2023-05-28T14:15:42.461Z info: SELECT * FROM users WHERE wallet='wallet_2'
2023-05-28T14:15:42.467Z info: Received a GET request for /new_user/wallet_2/wallet_3 => MESSAGE: call API success
2023-05-28T14:15:42.472Z info: SELECT * FROM users WHERE wallet='wallet_3'
2023-05-28T14:15:42.475Z info: Received a GET request for /new_user/wallet_2/wallet_3 => MESSAGE: call API success
2023-05-28T14:19:38.499Z info: SELECT * FROM users WHERE wallet='wallet_2'
2023-05-28T14:19:38.519Z info: Received a GET request for /new_user/wallet_2/wallet_3 => MESSAGE: call API success
2023-05-28T14:19:38.528Z info: SELECT * FROM users WHERE wallet='wallet_3'
2023-05-28T14:19:38.536Z info: Received a GET request for /new_user/wallet_2/wallet_3 => MESSAGE: call API success
2023-05-28T14:19:59.544Z info: SELECT * FROM users WHERE wallet='wallet_2'
2023-05-28T14:19:59.563Z info: Received a GET request for /new_user/wallet_2/wallet_3 => MESSAGE: call API success
2023-05-28T14:19:59.571Z info: SELECT * FROM users WHERE wallet='wallet_3'
2023-05-28T14:19:59.578Z info: Received a GET request for /new_user/wallet_2/wallet_3 => MESSAGE: call API success
2023-05-28T14:21:13.305Z info: SELECT * FROM users WHERE wallet='wallet_2'
2023-05-28T14:21:13.329Z info: Received a GET request for /new_user/wallet_2/wallet_3 => MESSAGE: call API success
2023-05-28T14:21:13.343Z info: SELECT * FROM users WHERE wallet='wallet_3'
2023-05-28T14:21:13.347Z info: Received a GET request for /new_user/wallet_2/wallet_3 => MESSAGE: call API success
2023-05-28T14:28:10.335Z info: SELECT * FROM users WHERE wallet='wallet_2'
2023-05-28T14:28:10.361Z info: Received a GET request for /new_user/wallet_2/wallet_3 => MESSAGE: call API success
2023-05-28T14:28:10.379Z info: SELECT * FROM users WHERE wallet='wallet_3'
2023-05-28T14:28:10.384Z info: Received a GET request for /new_user/wallet_2/wallet_3 => MESSAGE: call API success
2023-05-28T14:29:36.500Z info: SELECT * FROM users WHERE wallet='wallet_2'
2023-05-28T14:29:36.517Z info: Received a GET request for /new_user/wallet_2/wallet_3 => MESSAGE: call API success
2023-05-28T14:29:36.527Z info: SELECT * FROM users WHERE wallet='wallet_3'
2023-05-28T14:29:36.534Z info: Received a GET request for /new_user/wallet_2/wallet_3 => MESSAGE: call API success
2023-05-28T14:31:36.181Z info: SELECT * FROM users WHERE wallet='wallet_2'
2023-05-28T14:31:36.203Z info: Received a GET request for /new_user/wallet_2/wallet_3 => MESSAGE: call API success
2023-05-28T14:31:36.213Z info: SELECT * FROM users WHERE wallet='wallet_3'
2023-05-28T14:31:36.219Z info: Received a GET request for /new_user/wallet_2/wallet_3 => MESSAGE: call API success
2023-05-28T14:34:48.156Z info: SELECT * FROM users WHERE wallet='wallet_2'
2023-05-28T14:34:48.182Z info: Received a GET request for /new_user/wallet_2/wallet_3 => MESSAGE: call API success
2023-05-28T14:34:48.191Z info: SELECT * FROM users WHERE wallet='wallet_3'
2023-05-28T14:34:48.197Z info: Received a GET request for /new_user/wallet_2/wallet_3 => MESSAGE: call API success
2023-05-28T14:35:05.349Z info: SELECT * FROM users WHERE wallet='wallet_2'
2023-05-28T14:35:05.355Z info: Received a GET request for /new_user/wallet_2/wallet_3 => MESSAGE: call API success
2023-05-28T14:35:05.362Z info: SELECT * FROM users WHERE wallet='wallet_3'
2023-05-28T14:35:05.364Z info: Received a GET request for /new_user/wallet_2/wallet_3 => MESSAGE: call API success
2023-05-28T14:35:05.368Z error: Introductioned ==> SELECT * FROM introductions WHERE user_id=8 AND user_id_new=9
2023-05-28T14:35:53.253Z info: SELECT * FROM users WHERE wallet='wallet_1'
2023-05-28T14:35:53.257Z info: Received a GET request for /new_user/wallet_1/wallet_2 => MESSAGE: call API success
2023-05-28T14:35:53.267Z info: SELECT * FROM users WHERE wallet='wallet_2'
2023-05-28T14:35:53.271Z info: Received a GET request for /new_user/wallet_1/wallet_2 => MESSAGE: call API success
2023-05-28T14:35:53.286Z info: INSERT INTO introductions (user_id, rank, user_id_new) VALUES (7,'F1' ,8);
2023-05-28T14:36:22.178Z info: SELECT * FROM users WHERE wallet='wallet_2'
2023-05-28T14:36:22.181Z info: Received a GET request for /new_user/wallet_2/wallet_3 => MESSAGE: call API success
2023-05-28T14:36:22.184Z info: SELECT * FROM users WHERE wallet='wallet_3'
2023-05-28T14:36:22.186Z info: Received a GET request for /new_user/wallet_2/wallet_3 => MESSAGE: call API success
2023-05-28T15:15:03.419Z info: SELECT * FROM users WHERE wallet='wallet_4'
2023-05-28T15:15:03.422Z info: Received a GET request for /new_user/wallet_4/wallet_5 => MESSAGE: call API success
2023-05-28T15:15:03.426Z info: SELECT * FROM users WHERE wallet='wallet_5'
2023-05-28T15:15:03.431Z info: Received a GET request for /new_user/wallet_4/wallet_5 => MESSAGE: call API success
2023-05-28T15:15:03.446Z info: INSERT INTO introductions (user_id, rank, user_id_new) VALUES (10,'F1' ,11);
2023-05-28T15:15:30.852Z info: SELECT * FROM users WHERE wallet='wallet_3'
2023-05-28T15:15:30.861Z info: Received a GET request for /new_user/wallet_3/wallet_4 => MESSAGE: call API success
2023-05-28T15:15:30.868Z info: SELECT * FROM users WHERE wallet='wallet_4'
2023-05-28T15:15:30.874Z info: Received a GET request for /new_user/wallet_3/wallet_4 => MESSAGE: call API success
2023-05-28T15:21:34.214Z info: SELECT * FROM users WHERE wallet='wallet_3'
2023-05-28T15:21:34.240Z info: Received a GET request for /new_user/wallet_3/wallet_4 => MESSAGE: call API success
2023-05-28T15:21:34.254Z info: SELECT * FROM users WHERE wallet='wallet_4'
2023-05-28T15:21:34.261Z info: Received a GET request for /new_user/wallet_3/wallet_4 => MESSAGE: call API success
2023-05-28T15:21:34.266Z error: Introductioned ==> SELECT * FROM introductions WHERE user_id=9 AND user_id_new=10
2023-05-28T15:21:50.120Z info: SELECT * FROM users WHERE wallet='wallet_3'
2023-05-28T15:21:50.138Z info: Received a GET request for /new_user/wallet_3/wallet_4 => MESSAGE: call API success
2023-05-28T15:21:50.149Z info: SELECT * FROM users WHERE wallet='wallet_4'
2023-05-28T15:21:50.154Z info: Received a GET request for /new_user/wallet_3/wallet_4 => MESSAGE: call API success
2023-05-28T15:21:50.158Z error: Introductioned ==> SELECT * FROM introductions WHERE user_id=9 AND user_id_new=10
2023-05-28T15:22:16.891Z info: SELECT * FROM users WHERE wallet='wallet_3'
2023-05-28T15:22:16.912Z info: Received a GET request for /new_user/wallet_3/wallet_4 => MESSAGE: call API success
2023-05-28T15:22:16.921Z info: SELECT * FROM users WHERE wallet='wallet_4'
2023-05-28T15:22:16.929Z info: Received a GET request for /new_user/wallet_3/wallet_4 => MESSAGE: call API success
2023-05-28T15:22:16.937Z error: Introductioned ==> SELECT * FROM introductions WHERE user_id=9 AND user_id_new=10
2023-05-28T15:27:11.194Z info: SELECT * FROM users WHERE wallet='wallet_1'
2023-05-28T15:27:11.215Z info: Received a GET request for /new_user/wallet_1/wallet_2 => MESSAGE: call API success
2023-05-28T15:27:11.229Z info: SELECT * FROM users WHERE wallet='wallet_2'
2023-05-28T15:27:11.237Z info: Received a GET request for /new_user/wallet_1/wallet_2 => MESSAGE: call API success
2023-05-28T15:27:11.256Z info: INSERT INTO introductions (user_id, rank, user_id_new) VALUES (7,'F1' ,8);
2023-05-28T15:27:22.560Z info: SELECT * FROM users WHERE wallet='wallet_2'
2023-05-28T15:27:22.563Z info: Received a GET request for /new_user/wallet_2/wallet_3 => MESSAGE: call API success
2023-05-28T15:27:22.570Z info: SELECT * FROM users WHERE wallet='wallet_3'
2023-05-28T15:27:22.574Z info: Received a GET request for /new_user/wallet_2/wallet_3 => MESSAGE: call API success
2023-05-28T16:39:28.528Z info: SELECT * FROM users WHERE wallet='wallet_2'
2023-05-28T16:39:28.559Z info: Received a GET request for /new_user/wallet_2/wallet_3 => MESSAGE: call API success
2023-05-28T16:39:28.575Z info: SELECT * FROM users WHERE wallet='wallet_3'
2023-05-28T16:39:28.590Z info: Received a GET request for /new_user/wallet_2/wallet_3 => MESSAGE: call API success
2023-05-28T16:41:01.062Z info: SELECT * FROM users WHERE wallet='wallet_2'
2023-05-28T16:41:01.097Z info: Received a GET request for /new_user/wallet_2/wallet_3 => MESSAGE: call API success
2023-05-28T16:41:01.125Z info: SELECT * FROM users WHERE wallet='wallet_3'
2023-05-28T16:41:01.135Z info: Received a GET request for /new_user/wallet_2/wallet_3 => MESSAGE: call API success
2023-05-28T16:41:01.144Z error: Introductioned ==> SELECT * FROM introductions WHERE user_id=8 AND user_id_new=9
2023-05-28T16:41:33.948Z info: SELECT * FROM users WHERE wallet='wallet_3'
2023-05-28T16:41:33.956Z info: Received a GET request for /new_user/wallet_3/wallet_4 => MESSAGE: call API success
2023-05-28T16:41:33.965Z info: SELECT * FROM users WHERE wallet='wallet_4'
2023-05-28T16:41:33.974Z info: Received a GET request for /new_user/wallet_3/wallet_4 => MESSAGE: call API success
2023-05-28T16:42:38.776Z info: SELECT * FROM users WHERE wallet='wallet_3'
2023-05-28T16:42:38.808Z info: Received a GET request for /new_user/wallet_3/wallet_4 => MESSAGE: call API success
2023-05-28T16:42:38.828Z info: SELECT * FROM users WHERE wallet='wallet_4'
2023-05-28T16:42:38.843Z info: Received a GET request for /new_user/wallet_3/wallet_4 => MESSAGE: call API success
2023-05-28T16:43:32.913Z info: SELECT * FROM users WHERE wallet='wallet_3'
2023-05-28T16:43:32.953Z info: Received a GET request for /new_user/wallet_3/wallet_5 => MESSAGE: call API success
2023-05-28T16:43:32.976Z info: SELECT * FROM users WHERE wallet='wallet_5'
2023-05-28T16:43:32.988Z info: Received a GET request for /new_user/wallet_3/wallet_5 => MESSAGE: call API success
2023-05-28T16:43:55.478Z info: SELECT * FROM users WHERE wallet='wallet_3'
2023-05-28T16:43:55.514Z info: Received a GET request for /new_user/wallet_3/wallet_5 => MESSAGE: call API success
2023-05-28T16:43:55.534Z info: SELECT * FROM users WHERE wallet='wallet_5'
2023-05-28T16:43:55.547Z info: Received a GET request for /new_user/wallet_3/wallet_5 => MESSAGE: call API success
2023-05-28T16:44:29.347Z info: SELECT * FROM users WHERE wallet='wallet_3'
2023-05-28T16:44:29.383Z info: Received a GET request for /new_user/wallet_3/wallet_5 => MESSAGE: call API success
2023-05-28T16:44:29.398Z info: SELECT * FROM users WHERE wallet='wallet_5'
2023-05-28T16:44:29.409Z info: Received a GET request for /new_user/wallet_3/wallet_5 => MESSAGE: call API success
2023-05-28T16:45:04.574Z info: SELECT * FROM users WHERE wallet='wallet_3'
2023-05-28T16:45:04.613Z info: Received a GET request for /new_user/wallet_3/wallet_5 => MESSAGE: call API success
2023-05-28T16:45:04.639Z info: SELECT * FROM users WHERE wallet='wallet_5'
2023-05-28T16:45:04.651Z info: Received a GET request for /new_user/wallet_3/wallet_5 => MESSAGE: call API success
2023-05-28T16:47:17.773Z info: SELECT * FROM users WHERE wallet='wallet_3'
2023-05-28T16:47:17.806Z info: Received a GET request for /new_user/wallet_3/wallet_5 => MESSAGE: call API success
2023-05-28T16:47:17.821Z info: SELECT * FROM users WHERE wallet='wallet_5'
2023-05-28T16:47:17.830Z info: Received a GET request for /new_user/wallet_3/wallet_5 => MESSAGE: call API success
2023-05-28T16:47:33.856Z info: SELECT * FROM users WHERE wallet='wallet_3'
2023-05-28T16:47:33.892Z info: Received a GET request for /new_user/wallet_3/wallet_5 => MESSAGE: call API success
2023-05-28T16:47:33.910Z info: SELECT * FROM users WHERE wallet='wallet_5'
2023-05-28T16:47:33.922Z info: Received a GET request for /new_user/wallet_3/wallet_5 => MESSAGE: call API success
2023-05-28T16:48:56.658Z info: SELECT * FROM users WHERE wallet='wallet_3'
2023-05-28T16:48:56.692Z info: Received a GET request for /new_user/wallet_3/wallet_5 => MESSAGE: call API success
2023-05-28T16:48:56.712Z info: SELECT * FROM users WHERE wallet='wallet_5'
2023-05-28T16:48:56.725Z info: Received a GET request for /new_user/wallet_3/wallet_5 => MESSAGE: call API success
2023-05-28T16:49:47.793Z info: SELECT * FROM users WHERE wallet='wallet_1'
2023-05-28T16:49:47.801Z info: Received a GET request for /new_user/wallet_1/wallet_2 => MESSAGE: call API success
2023-05-28T16:49:47.811Z info: SELECT * FROM users WHERE wallet='wallet_2'
2023-05-28T16:49:47.821Z info: Received a GET request for /new_user/wallet_1/wallet_2 => MESSAGE: call API success
2023-05-28T16:49:47.839Z info: INSERT INTO introductions (user_id, rank, user_id_new) VALUES (7,'F1' ,8);
2023-05-28T16:49:58.310Z info: SELECT * FROM users WHERE wallet='wallet_2'
2023-05-28T16:49:58.317Z info: Received a GET request for /new_user/wallet_2/wallet_3 => MESSAGE: call API success
2023-05-28T16:49:58.336Z info: SELECT * FROM users WHERE wallet='wallet_3'
2023-05-28T16:49:58.348Z info: Received a GET request for /new_user/wallet_2/wallet_3 => MESSAGE: call API success
2023-05-28T16:51:34.713Z info: SELECT * FROM users WHERE wallet='wallet_2'
2023-05-28T16:51:34.758Z info: Received a GET request for /new_user/wallet_2/wallet_3 => MESSAGE: call API success
2023-05-28T16:51:34.783Z info: SELECT * FROM users WHERE wallet='wallet_3'
2023-05-28T16:51:34.796Z info: Received a GET request for /new_user/wallet_2/wallet_3 => MESSAGE: call API success
2023-05-28T16:52:23.744Z info: SELECT * FROM users WHERE wallet='wallet_2'
2023-05-28T16:52:23.780Z info: Received a GET request for /new_user/wallet_2/wallet_3 => MESSAGE: call API success
2023-05-28T16:52:23.801Z info: SELECT * FROM users WHERE wallet='wallet_3'
2023-05-28T16:52:23.811Z info: Received a GET request for /new_user/wallet_2/wallet_3 => MESSAGE: call API success
2023-05-29T13:59:34.768Z info: SELECT * FROM users WHERE wallet='wallet_1'
2023-05-29T13:59:34.789Z info: Received a GET request for /new_user/wallet_1/wallet_ => MESSAGE: call API success
2023-05-29T13:59:34.799Z error: SELECT * FROM users WHERE wallet='wallet_'
2023-05-29T13:59:34.811Z error: Received a GET request for /new_user/wallet_1/wallet_ => MESSAGE : user invalue
2023-05-29T14:01:44.907Z info: SELECT * FROM users WHERE wallet='wallet_1'
2023-05-29T14:01:44.914Z info: Received a GET request for /new_user/wallet_1/wallet_ => MESSAGE: call API success
2023-05-29T14:01:44.923Z error: SELECT * FROM users WHERE wallet='wallet_'
2023-05-29T14:01:44.930Z error: Received a GET request for /new_user/wallet_1/wallet_ => MESSAGE : user invalue
2023-05-29T14:01:49.670Z info: SELECT * FROM users WHERE wallet='wallet_1'
2023-05-29T14:01:49.681Z info: Received a GET request for /new_user/wallet_1/wallet_ => MESSAGE: call API success
2023-05-29T14:01:49.696Z error: SELECT * FROM users WHERE wallet='wallet_'
2023-05-29T14:01:49.700Z error: Received a GET request for /new_user/wallet_1/wallet_ => MESSAGE : user invalue
2023-05-29T14:02:05.616Z info: SELECT * FROM users WHERE wallet='wallet_1'
2023-05-29T14:02:05.622Z info: Received a GET request for /new_user/wallet_1/wallet_2 => MESSAGE: call API success
2023-05-29T14:02:05.629Z info: SELECT * FROM users WHERE wallet='wallet_2'
2023-05-29T14:02:05.633Z info: Received a GET request for /new_user/wallet_1/wallet_2 => MESSAGE: call API success
2023-05-29T14:02:05.651Z info: INSERT INTO introductions (user_id, rank, user_id_new) VALUES (7,'F1' ,8);
2023-05-29T14:02:46.638Z info: SELECT * FROM users WHERE wallet='wallet_2'
2023-05-29T14:02:46.643Z info: Received a GET request for /new_user/wallet_2/wallet_3 => MESSAGE: call API success
2023-05-29T14:02:46.649Z info: SELECT * FROM users WHERE wallet='wallet_3'
2023-05-29T14:02:46.652Z info: Received a GET request for /new_user/wallet_2/wallet_3 => MESSAGE: call API success
2023-05-29T14:02:46.666Z info: INSERT INTO introductions (user_id, rank, user_id_new) VALUES (8,'F1' ,9);
2023-05-29T15:08:26.161Z info: SELECT * FROM users WHERE wallet='wallet_1'
2023-05-29T15:08:26.182Z info: Received a GET request for /new_user/wallet_1/wallet_2 => MESSAGE: call API success
2023-05-29T15:08:26.195Z info: SELECT * FROM users WHERE wallet='wallet_2'
2023-05-29T15:08:26.200Z info: Received a GET request for /new_user/wallet_1/wallet_2 => MESSAGE: call API success
2023-05-29T15:08:26.206Z info: INSERT INTO introductions (user_id, rank, user_id_new) VALUES (7,'F1' ,8);
2023-05-29T15:09:19.317Z info: SELECT * FROM users WHERE wallet='wallet_2'
2023-05-29T15:09:19.334Z info: Received a GET request for /new_user/wallet_2/wallet_3 => MESSAGE: call API success
2023-05-29T15:09:19.343Z info: SELECT * FROM users WHERE wallet='wallet_3'
2023-05-29T15:09:19.347Z info: Received a GET request for /new_user/wallet_2/wallet_3 => MESSAGE: call API success
2023-05-29T15:09:19.355Z info: INSERT INTO introductions (user_id, rank, user_id_new) VALUES (8,'F1' ,9);
2023-05-29T15:09:23.877Z info: [object Object]
2023-05-29T15:09:43.042Z info: SELECT * FROM users WHERE wallet='wallet_3'
2023-05-29T15:09:43.048Z info: Received a GET request for /new_user/wallet_3/wallet_4 => MESSAGE: call API success
2023-05-29T15:09:43.056Z info: SELECT * FROM users WHERE wallet='wallet_4'
2023-05-29T15:09:43.061Z info: Received a GET request for /new_user/wallet_3/wallet_4 => MESSAGE: call API success
2023-05-29T15:09:43.068Z info: INSERT INTO introductions (user_id, rank, user_id_new) VALUES (9,'F1' ,10);
2023-05-29T16:05:24.386Z info: SELECT * FROM users WHERE wallet='wallet_1'
2023-05-29T16:05:24.415Z info: Received a GET request for /new_user/wallet_1/wallet_2 => MESSAGE: call API success
2023-05-29T16:05:24.429Z info: SELECT * FROM users WHERE wallet='wallet_2'
2023-05-29T16:05:24.443Z info: Received a GET request for /new_user/wallet_1/wallet_2 => MESSAGE: call API success
2023-05-29T16:05:24.454Z info: INSERT INTO introductions (user_id, rank, user_id_new) VALUES (7,'F1' ,8);
2023-05-29T16:05:27.475Z info: [object Object]
2023-05-29T16:05:38.895Z info: SELECT * FROM users WHERE wallet='wallet_1'
2023-05-29T16:05:38.903Z info: Received a GET request for /new_user/wallet_1/wallet_2 => MESSAGE: call API success
2023-05-29T16:05:38.916Z info: SELECT * FROM users WHERE wallet='wallet_2'
2023-05-29T16:05:38.923Z info: Received a GET request for /new_user/wallet_1/wallet_2 => MESSAGE: call API success
2023-05-29T16:05:38.933Z info: INSERT INTO introductions (user_id, rank, user_id_new) VALUES (7,'F1' ,8);
2023-05-29T16:05:41.951Z info: [object Object]
2023-05-29T16:06:00.947Z info: SELECT * FROM users WHERE wallet='wallet_2'
2023-05-29T16:06:00.952Z info: Received a GET request for /new_user/wallet_2/wallet_3 => MESSAGE: call API success
2023-05-29T16:06:00.958Z info: SELECT * FROM users WHERE wallet='wallet_3'
2023-05-29T16:06:00.963Z info: Received a GET request for /new_user/wallet_2/wallet_3 => MESSAGE: call API success
2023-05-29T16:06:00.973Z info: INSERT INTO introductions (user_id, rank, user_id_new) VALUES (8,'F1' ,9);
2023-05-29T16:07:27.174Z info: SELECT * FROM users WHERE wallet='wallet_3'
2023-05-29T16:07:27.204Z info: Received a GET request for /new_user/wallet_3/wallet_4 => MESSAGE: call API success
2023-05-29T16:07:27.217Z info: SELECT * FROM users WHERE wallet='wallet_4'
2023-05-29T16:07:27.228Z info: Received a GET request for /new_user/wallet_3/wallet_4 => MESSAGE: call API success
2023-05-29T16:07:27.241Z info: INSERT INTO introductions (user_id, rank, user_id_new) VALUES (9,'F1' ,10);
2023-05-29T16:07:33.264Z info: [object Object]
2023-05-29T16:09:57.245Z info: SELECT * FROM users WHERE wallet='wallet_3'
2023-05-29T16:09:57.276Z info: Received a GET request for /new_user/wallet_3/wallet_4 => MESSAGE: call API success
2023-05-29T16:09:57.292Z info: SELECT * FROM users WHERE wallet='wallet_4'
2023-05-29T16:09:57.303Z info: Received a GET request for /new_user/wallet_3/wallet_4 => MESSAGE: call API success
2023-05-29T16:09:57.310Z error: Introductioned ==> SELECT * FROM introductions WHERE user_id=9 AND user_id_new=10
2023-05-29T16:10:36.633Z info: SELECT * FROM users WHERE wallet='wallet_1'
2023-05-29T16:10:36.675Z info: Received a GET request for /new_user/wallet_1/wallet_2 => MESSAGE: call API success
2023-05-29T16:10:36.689Z info: SELECT * FROM users WHERE wallet='wallet_2'
2023-05-29T16:10:36.699Z info: Received a GET request for /new_user/wallet_1/wallet_2 => MESSAGE: call API success
2023-05-29T16:10:36.721Z info: INSERT INTO introductions (user_id, rank, user_id_new) VALUES (7,'F1' ,8);
2023-05-29T16:10:39.742Z info: [object Object]
2023-05-29T16:11:11.200Z info: SELECT * FROM users WHERE wallet='wallet_2'
2023-05-29T16:11:11.206Z info: Received a GET request for /new_user/wallet_2/wallet_3 => MESSAGE: call API success
2023-05-29T16:11:11.219Z info: SELECT * FROM users WHERE wallet='wallet_3'
2023-05-29T16:11:11.225Z info: Received a GET request for /new_user/wallet_2/wallet_3 => MESSAGE: call API success
2023-05-29T16:11:11.229Z info: INSERT INTO introductions (user_id, rank, user_id_new) VALUES (8,'F1' ,9);
2023-05-29T16:11:15.746Z info: [object Object]
2023-05-29T16:11:30.451Z info: SELECT * FROM users WHERE wallet='wallet_3'
2023-05-29T16:11:30.455Z info: Received a GET request for /new_user/wallet_3/wallet_4 => MESSAGE: call API success
2023-05-29T16:11:30.462Z info: SELECT * FROM users WHERE wallet='wallet_4'
2023-05-29T16:11:30.466Z info: Received a GET request for /new_user/wallet_3/wallet_4 => MESSAGE: call API success
2023-05-29T16:11:30.482Z info: INSERT INTO introductions (user_id, rank, user_id_new) VALUES (9,'F1' ,10);
2023-05-29T16:11:36.506Z info: [object Object]
2023-05-29T16:12:01.252Z info: SELECT * FROM users WHERE wallet='wallet_4'
2023-05-29T16:12:01.259Z info: Received a GET request for /new_user/wallet_4/wallet_5 => MESSAGE: call API success
2023-05-29T16:12:01.269Z info: SELECT * FROM users WHERE wallet='wallet_5'
2023-05-29T16:12:01.277Z info: Received a GET request for /new_user/wallet_4/wallet_5 => MESSAGE: call API success
2023-05-29T16:12:01.285Z info: INSERT INTO introductions (user_id, rank, user_id_new) VALUES (10,'F1' ,11);
2023-05-29T16:12:08.801Z info: [object Object]
2023-05-29T16:12:32.605Z info: SELECT * FROM users WHERE wallet='wallet_4'
2023-05-29T16:12:32.610Z info: Received a GET request for /new_user/wallet_4/wallet_6 => MESSAGE: call API success
2023-05-29T16:12:32.622Z info: SELECT * FROM users WHERE wallet='wallet_6'
2023-05-29T16:12:32.626Z info: Received a GET request for /new_user/wallet_4/wallet_6 => MESSAGE: call API success
2023-05-29T16:12:32.634Z info: INSERT INTO introductions (user_id, rank, user_id_new) VALUES (10,'F1' ,12);
2023-05-29T16:12:40.148Z info: [object Object]
2023-05-29T16:15:12.532Z info: SELECT * FROM users WHERE wallet='wallet_1'
2023-05-29T16:15:12.537Z info: Received a GET request for /new_user/wallet_1/wallet_6 => MESSAGE: call API success
2023-05-29T16:15:12.543Z info: SELECT * FROM users WHERE wallet='wallet_6'
2023-05-29T16:15:12.548Z info: Received a GET request for /new_user/wallet_1/wallet_6 => MESSAGE: call API success
2023-05-29T16:15:12.550Z error: Introductioned ==> SELECT * FROM introductions WHERE user_id=7 AND user_id_new=12
2023-05-29T16:17:00.143Z info: SELECT * FROM users WHERE wallet='wallet_1'
2023-05-29T16:17:00.173Z info: Received a GET request for /new_user/wallet_1/wallet_6 => MESSAGE: call API success
2023-05-29T16:17:00.189Z info: SELECT * FROM users WHERE wallet='wallet_6'
2023-05-29T16:17:00.201Z info: Received a GET request for /new_user/wallet_1/wallet_6 => MESSAGE: call API success
2023-05-29T16:17:25.220Z info: SELECT * FROM users WHERE wallet='wallet_1'
2023-05-29T16:17:25.251Z info: Received a GET request for /new_user/wallet_1/wallet_6 => MESSAGE: call API success
2023-05-29T16:17:25.266Z info: SELECT * FROM users WHERE wallet='wallet_6'
2023-05-29T16:17:25.280Z info: Received a GET request for /new_user/wallet_1/wallet_6 => MESSAGE: call API success
2023-05-29T16:17:25.298Z info: INSERT INTO introductions (user_id, rank, user_id_new) VALUES (7,'F1' ,12);
2023-05-29T16:17:28.316Z info: [object Object]
2023-05-29T16:18:12.022Z info: SELECT * FROM users WHERE wallet='wallet_7'
2023-05-29T16:18:12.039Z info: INSERT INTO users (wallet) VALUES ('wallet_7')
2023-05-29T16:18:29.474Z info: SELECT * FROM users WHERE wallet='wallet_7'
2023-05-29T16:18:44.402Z info: SELECT * FROM users WHERE wallet='wallet_6'
2023-05-29T16:18:44.410Z info: Received a GET request for /new_user/wallet_6/wallet_7 => MESSAGE: call API success
2023-05-29T16:18:44.424Z info: SELECT * FROM users WHERE wallet='wallet_7'
2023-05-29T16:18:44.430Z info: Received a GET request for /new_user/wallet_6/wallet_7 => MESSAGE: call API success
2023-05-29T16:18:44.438Z info: INSERT INTO introductions (user_id, rank, user_id_new) VALUES (12,'F1' ,13);
2023-05-29T16:18:53.461Z info: [object Object]
2023-06-01T15:41:10.095Z error: Not Found
2023-06-01T15:41:30.317Z error: Not Found
2023-06-02T16:08:36.246Z warn: SELECT * FROM users WHERE wallet='wallet_7'
2023-06-02T16:16:58.300Z info: SELECT * FROM users WHERE wallet='0xcC812225920287C01C3C5c1db452865c14D95ED3'
2023-06-02T16:16:58.309Z info: INSERT INTO users (wallet) VALUES ('0xcC812225920287C01C3C5c1db452865c14D95ED3')
2023-06-02T16:20:58.605Z warn: SELECT * FROM users WHERE wallet='0xcC812225920287C01C3C5c1db452865c14D95ED3'
2023-06-02T16:22:32.030Z warn: SELECT * FROM users WHERE wallet='0xcC812225920287C01C3C5c1db452865c14D95ED3'
2023-06-02T16:23:29.188Z warn: SELECT * FROM users WHERE wallet='0xcC812225920287C01C3C5c1db452865c14D95ED3'
2023-06-02T16:25:36.012Z warn: SELECT * FROM users WHERE wallet='0xcC812225920287C01C3C5c1db452865c14D95ED3'
2023-06-02T16:28:37.570Z warn: SELECT * FROM users WHERE wallet='0xcC812225920287C01C3C5c1db452865c14D95ED3'
2023-06-02T16:28:59.171Z warn: SELECT * FROM users WHERE wallet='0xcC812225920287C01C3C5c1db452865c14D95ED3'
2023-06-02T16:30:16.823Z warn: SELECT * FROM users WHERE wallet='0xcC812225920287C01C3C5c1db452865c14D95ED3'
2023-06-02T16:31:05.501Z warn: SELECT * FROM users WHERE wallet='0xcC812225920287C01C3C5c1db452865c14D95ED3'
2023-06-02T16:32:10.636Z warn: SELECT * FROM users WHERE wallet='0xcC812225920287C01C3C5c1db452865c14D95ED3'
2023-06-02T16:32:10.666Z info: SELECT * FROM users WHERE wallet='0xcC812225920287C01C3C5c1db452865c14D95ED3'
2023-06-02T16:34:03.812Z warn: SELECT * FROM users WHERE wallet='0xcC812225920287C01C3C5c1db452865c14D95ED3'
2023-06-02T16:34:03.842Z info: SELECT * FROM users WHERE wallet='0xcC812225920287C01C3C5c1db452865c14D95ED3'
2023-06-02T17:02:49.572Z warn: SELECT * FROM users WHERE wallet='0xcC812225920287C01C3C5c1db452865c14D95ED3'
2023-06-02T17:02:49.606Z info: SELECT * FROM users WHERE wallet='0xcC812225920287C01C3C5c1db452865c14D95ED3'
